<?xml version="1.0" encoding="UTF-8"?>
<!-- Generated by org.testng.reporters.JUnitReportReporter -->
<testsuite hostname="DESKTOP-R8VV2U8" name="HubNode.DemoB" tests="1" failures="0" timestamp="28 Sep 2018 02:42:07 GMT" time="23.660" errors="0">
  <testcase name="testGrid" time="23.660" classname="HubNode.DemoB"/>
</testsuite> <!-- HubNode.DemoB -->
