<?xml version="1.0" encoding="UTF-8"?>
<!-- Generated by org.testng.reporters.JUnitReportReporter -->
<testsuite hostname="DESKTOP-R8VV2U8" name="script.OrangeTC1" tests="1" failures="0" timestamp="12 Oct 2018 13:52:56 GMT" time="9.485" errors="0">
  <testcase name="testA" time="9.485" classname="script.OrangeTC1"/>
</testsuite> <!-- script.OrangeTC1 -->
