<?xml version="1.0" encoding="UTF-8"?>
<!-- Generated by org.testng.reporters.JUnitReportReporter -->
<testsuite hostname="DESKTOP-R8VV2U8" name="Groups.DemoA" tests="2" failures="0" timestamp="27 Sep 2018 15:26:20 GMT" time="0.006" errors="0">
  <testcase name="DeleteUser" time="0.001" classname="Groups.DemoA"/>
  <testcase name="CreateUser" time="0.005" classname="Groups.DemoA"/>
</testsuite> <!-- Groups.DemoA -->
