<?xml version="1.0" encoding="UTF-8"?>
<!-- Generated by org.testng.reporters.JUnitReportReporter -->
<testsuite hostname="DESKTOP-R8VV2U8" name="qsp.B" tests="1" failures="0" timestamp="21 Sep 2018 11:39:26 GMT" time="0.001" errors="0">
  <testcase name="demoB" time="0.001" classname="qsp.B"/>
</testsuite> <!-- qsp.B -->
