<?xml version="1.0" encoding="UTF-8"?>
<!-- Generated by org.testng.reporters.JUnitReportReporter -->
<testsuite hostname="DESKTOP-R8VV2U8" name="property.PropertyFile" tests="1" failures="0" timestamp="28 Sep 2018 03:14:50 GMT" time="0.000" errors="0">
  <testcase name="testGrid" time="0.000" classname="property.PropertyFile"/>
</testsuite> <!-- property.PropertyFile -->
