<?xml version="1.0" encoding="UTF-8"?>
<!-- Generated by org.testng.reporters.JUnitReportReporter -->
<testsuite hostname="DESKTOP-R8VV2U8" name="qsp.A" tests="1" failures="0" timestamp="21 Sep 2018 11:39:26 GMT" time="0.012" errors="0">
  <testcase name="demoA" time="0.012" classname="qsp.A"/>
</testsuite> <!-- qsp.A -->
