<?xml version="1.0" encoding="UTF-8"?>
<!-- Generated by org.testng.reporters.JUnitReportReporter -->
<testsuite hostname="DESKTOP-R8VV2U8" name="HubNode.DemoA" tests="1" failures="0" timestamp="27 Sep 2018 16:27:12 GMT" time="11.849" errors="0">
  <testcase name="testGrid" time="11.849" classname="HubNode.DemoA"/>
</testsuite> <!-- HubNode.DemoA -->
