<?xml version="1.0" encoding="UTF-8"?>
<!-- Generated by org.testng.reporters.JUnitReportReporter -->
<testsuite hostname="DESKTOP-R8VV2U8" name="Provider.Dataprovider" tests="2" failures="0" timestamp="7 Oct 2018 15:11:00 GMT" time="0.020" errors="0">
  <testcase name="CreateUser" time="0.003" classname="Provider.Dataprovider"/>
  <testcase name="CreateUser" time="0.017" classname="Provider.Dataprovider"/>
</testsuite> <!-- Provider.Dataprovider -->
