<?xml version="1.0" encoding="UTF-8"?>
<!-- Generated by org.testng.reporters.JUnitReportReporter -->
<testsuite hostname="DESKTOP-R8VV2U8" name="script.DemoA" tests="1" failures="0" timestamp="11 Oct 2018 04:21:26 GMT" time="9.145" errors="0">
  <testcase name="testA" time="9.145" classname="script.DemoA"/>
</testsuite> <!-- script.DemoA -->
