<?xml version="1.0" encoding="UTF-8"?>
<!-- Generated by org.testng.reporters.JUnitReportReporter -->
<testsuite hostname="DESKTOP-R8VV2U8" name="Provider.Actitime" tests="2" failures="0" timestamp="27 Sep 2018 12:27:15 GMT" time="139.615" errors="0">
  <testcase name="testLogin2" time="39.517" classname="Provider.Actitime"/>
  <testcase name="testLogin1" time="100.098" classname="Provider.Actitime"/>
</testsuite> <!-- Provider.Actitime -->
