<?xml version="1.0" encoding="UTF-8"?>
<!-- Generated by org.testng.reporters.JUnitReportReporter -->
<testsuite hostname="DESKTOP-R8VV2U8" name="script.OrangeTC1" tests="1" failures="0" timestamp="15 Oct 2018 18:34:11 GMT" time="8.862" errors="0">
  <testcase name="testA" time="8.862" classname="script.OrangeTC1"/>
</testsuite> <!-- script.OrangeTC1 -->
